C51 COMPILER V9.00   ESP8266                                                               04/28/2019 15:42:01 PAGE 1   


C51 COMPILER V9.00, COMPILATION OF MODULE ESP8266
OBJECT MODULE PLACED IN ..\bin\ESP8266.obj
COMPILER INVOKED BY: D:\keil4\C51\BIN\C51.EXE ..\src\ESP8266.c LARGE BROWSE INCDIR(..\inc) DEBUG OBJECTEXTEND PRINT(.\ES
                    -P8266.lst) OBJECT(..\bin\ESP8266.obj)

line level    source

   1          #include <REGX52.H>
   2          #include <intrins.h>
   3          #include "ESP8266.h"
   4          
   5          
   6          uchar        idata RX1_Buffer[RX1_Lenth];        //接收缓冲
   7          uchar        TX1_Cnt;        //发送计数
   8          uchar        RX1_Cnt;        //接收计数
   9          bit                B_TX1_Busy;        //发送忙标志
  10             
  11          
  12          /********************************************************************
  13          * 名称 : Uart_Init()
  14          * 功能 : 串口初始化，晶振11.0592,波特率9600，使能了串口中断
  15          * 输入 : 无
  16          * 输出 : 无
  17          ***********************************************************************/
  18          void Uart_Init(void)
  19          {
  20   1           TMOD = 0x20;   //定时器工作在定时器1的方式2
  21   1           PCON = 0x00;   //不倍频
  22   1           SCON = 0x50;        //串口工作在方式1，并且启动串行接收        
  23   1           TH1 = 0xFd;    //设置波特率 9600
  24   1           TL1 = 0xFd;
  25   1           
  26   1           ES = 1;                //开串口中断
  27   1           EA = 1;                //开总中断
  28   1               TR1 = 1;                //启动定时器1
  29   1           RX1_Cnt=0;                //接受计数清零
  30   1           TX1_Cnt = 0;        //发送计数清零
  31   1           B_TX1_Busy = 0;//初始化判忙标志位                
  32   1      }
  33          
  34          /**************串口发送字符函数*************/
  35          void SendOneByte(uchar c)
  36          {
  37   1          ES = 0;                     //禁止中断，让串口安心工作啊
  38   1          SBUF = c;
  39   1          while(!TI);         //等待发送完毕
  40   1          TI = 0;                     //清TI中断
  41   1          ES = 1;                     //打开中断
  42   1      }
  43          /**************串口发送字符串函数*************/
  44          void SendrStr(const uchar *ptr)
  45          {
  46   1          do
  47   1          {
  48   2              SendOneByte(*ptr);              //其实发送字符串也是在调用发送字符的函数~~
  49   2          }while(*ptr++!='\0');       //要有结束判断，否则串口发送 字符串 不知道什么时候停止
  50   1      }


MODULE INFORMATION:   STATIC OVERLAYABLE
   CODE SIZE        =     93    ----
C51 COMPILER V9.00   ESP8266                                                               04/28/2019 15:42:01 PAGE 2   

   CONSTANT SIZE    =   ----    ----
   XDATA SIZE       =      2       3
   PDATA SIZE       =   ----    ----
   DATA SIZE        =   ----    ----
   IDATA SIZE       =     32    ----
   BIT SIZE         =      1    ----
END OF MODULE INFORMATION.


C51 COMPILATION COMPLETE.  0 WARNING(S),  0 ERROR(S)
