C51 COMPILER V9.00   MOTOR                                                                 05/05/2019 15:39:46 PAGE 1   


C51 COMPILER V9.00, COMPILATION OF MODULE MOTOR
OBJECT MODULE PLACED IN ..\bin\motor.obj
COMPILER INVOKED BY: D:\keil4\C51\BIN\C51.EXE ..\src\motor.c LARGE BROWSE INCDIR(..\inc) DEBUG OBJECTEXTEND PRINT(.\moto
                    -r.lst) OBJECT(..\bin\motor.obj)

line level    source

   1          #include <REGX52.H>
   2          #include <intrins.h>
   3          #include "motor.h"
   4          
   5          sbit MOTOR1_A=P1^2; // 电机1的A脚
   6          sbit MOTOR1_B=P1^3; // 电机1的B脚
   7          sbit MOTOR2_A=P1^4; // 电机2的A脚
   8          sbit MOTOR2_B=P1^5; // 电机2的B脚
   9          
  10          void start(uchar num)
  11          {
  12   1              if(num == 1)
  13   1              {
  14   2                      MOTOR1_A = 1;
  15   2                      MOTOR1_B = 0;   
  16   2              }
  17   1              else if(num == 2)
  18   1              {
  19   2                      MOTOR2_A = 1;
  20   2                      MOTOR2_B = 0;   
  21   2              }
  22   1              else if(num == 3)
  23   1              {
  24   2                      MOTOR1_A = 1;
  25   2                      MOTOR1_B = 0;
  26   2                              
  27   2                      MOTOR2_A = 1;
  28   2                      MOTOR2_B = 0;   
  29   2              }
  30   1      }
  31          
  32          void stop(uchar num)
  33          {
  34   1              if(num == 1)
  35   1              {
  36   2                      MOTOR1_A = 0;
  37   2                      MOTOR1_B = 0;   
  38   2              }
  39   1              else if(num == 2)
  40   1              {
  41   2                      MOTOR2_A = 0;
  42   2                      MOTOR2_B = 0;   
  43   2              }
  44   1              else if(num == 3)
  45   1              {
  46   2                      MOTOR1_A = 0;
  47   2                      MOTOR1_B = 0;
  48   2                              
  49   2                      MOTOR2_A = 0;
  50   2                      MOTOR2_B = 0;   
  51   2              }
  52   1      }
  53          
  54          
C51 COMPILER V9.00   MOTOR                                                                 05/05/2019 15:39:46 PAGE 2   



MODULE INFORMATION:   STATIC OVERLAYABLE
   CODE SIZE        =     56    ----
   CONSTANT SIZE    =   ----    ----
   XDATA SIZE       =   ----    ----
   PDATA SIZE       =   ----    ----
   DATA SIZE        =   ----    ----
   IDATA SIZE       =   ----    ----
   BIT SIZE         =   ----    ----
END OF MODULE INFORMATION.


C51 COMPILATION COMPLETE.  0 WARNING(S),  0 ERROR(S)
